{"C:\\Users\\Administrator.DESKTOP-ON5VPQH\\Documents\\GitHub\\template\\src\\core.js": {"path":"C:\\Users\\Administrator.DESKTOP-ON5VPQH\\Documents\\GitHub\\template\\src\\core.js","statementMap":{"0":{"start":{"line":2,"column":0},"end":{"line":null,"column":-1}},"1":{"start":{"line":9,"column":9},"end":{"line":9,"column":0}},"2":{"start":{"line":11,"column":0},"end":{"line":null,"column":-1}}},"fnMap":{"0":{"name":"(anonymous_0)","decl":{"start":{"line":5,"column":3},"end":{"line":5,"column":13}},"loc":{"start":{"line":5,"column":32},"end":{"line":2,"column":0}}}},"branchMap":{},"s":{"0":0,"1":0,"2":0},"f":{"0":0},"b":{}}
,"C:\\Users\\Administrator.DESKTOP-ON5VPQH\\Documents\\GitHub\\template\\src\\debounce.js": {"path":"C:\\Users\\Administrator.DESKTOP-ON5VPQH\\Documents\\GitHub\\template\\src\\debounce.js","statementMap":{"0":{"start":{"line":1,"column":0},"end":{"line":null,"column":-1}},"1":{"start":{"line":6,"column":9},"end":{"line":6,"column":0}},"2":{"start":{"line":8,"column":14},"end":{"line":8,"column":4}},"3":{"start":{"line":10,"column":16},"end":{"line":10,"column":4}},"4":{"start":{"line":11,"column":19},"end":{"line":11,"column":8}},"5":{"start":{"line":13,"column":8},"end":{"line":23,"column":9}},"6":{"start":{"line":14,"column":12},"end":{"line":null,"column":-1}},"7":{"start":{"line":16,"column":12},"end":{"line":null,"column":-1}},"8":{"start":{"line":17,"column":12},"end":{"line":22,"column":13}},"9":{"start":{"line":18,"column":16},"end":{"line":null,"column":-1}},"10":{"start":{"line":19,"column":16},"end":{"line":21,"column":17}},"11":{"start":{"line":20,"column":20},"end":{"line":null,"column":-1}},"12":{"start":{"line":26,"column":4},"end":{"line":null,"column":-1}},"13":{"start":{"line":27,"column":22},"end":{"line":27,"column":8}},"14":{"start":{"line":29,"column":8},"end":{"line":null,"column":-1}},"15":{"start":{"line":30,"column":8},"end":{"line":null,"column":-1}},"16":{"start":{"line":31,"column":8},"end":{"line":null,"column":-1}},"17":{"start":{"line":33,"column":8},"end":{"line":35,"column":9}},"18":{"start":{"line":34,"column":12},"end":{"line":null,"column":-1}},"19":{"start":{"line":36,"column":8},"end":{"line":39,"column":9}},"20":{"start":{"line":37,"column":12},"end":{"line":null,"column":-1}},"21":{"start":{"line":38,"column":12},"end":{"line":null,"column":-1}},"22":{"start":{"line":41,"column":8},"end":{"line":null,"column":-1}},"23":{"start":{"line":45,"column":0},"end":{"line":null,"column":-1}}},"fnMap":{"0":{"name":"(anonymous_0)","decl":{"start":{"line":2,"column":3},"end":{"line":2,"column":14}},"loc":{"start":{"line":2,"column":15},"end":{"line":1,"column":0}}},"1":{"name":"debounce","decl":{"start":{"line":6,"column":18},"end":{"line":6,"column":9}},"loc":{"start":{"line":6,"column":53},"end":{"line":6,"column":0}}},"2":{"name":"(anonymous_2)","decl":{"start":{"line":10,"column":16},"end":{"line":10,"column":27}},"loc":{"start":{"line":10,"column":28},"end":{"line":10,"column":4}}},"3":{"name":"(anonymous_3)","decl":{"start":{"line":26,"column":11},"end":{"line":26,"column":22}},"loc":{"start":{"line":26,"column":23},"end":{"line":26,"column":4}}}},"branchMap":{"0":{"loc":{"start":{"line":13,"column":8},"end":{"line":23,"column":9}},"type":"if","locations":[{"start":{"line":13,"column":8},"end":{"line":23,"column":9}},{"start":{"line":13,"column":8},"end":{"line":23,"column":9}}]},"1":{"loc":{"start":{"line":13,"column":13},"end":{"line":13,"column":12}},"type":"binary-expr","locations":[{"start":{"line":13,"column":13},"end":{"line":13,"column":12}},{"start":{"line":13,"column":28},"end":{"line":13,"column":8}}]},"2":{"loc":{"start":{"line":17,"column":12},"end":{"line":22,"column":13}},"type":"if","locations":[{"start":{"line":17,"column":12},"end":{"line":22,"column":13}},{"start":{"line":17,"column":12},"end":{"line":22,"column":13}}]},"3":{"loc":{"start":{"line":19,"column":16},"end":{"line":21,"column":17}},"type":"if","locations":[{"start":{"line":19,"column":16},"end":{"line":21,"column":17}},{"start":{"line":19,"column":16},"end":{"line":21,"column":17}}]},"4":{"loc":{"start":{"line":27,"column":22},"end":{"line":27,"column":34}},"type":"binary-expr","locations":[{"start":{"line":27,"column":22},"end":{"line":27,"column":34}},{"start":{"line":27,"column":35},"end":{"line":27,"column":8}}]},"5":{"loc":{"start":{"line":33,"column":8},"end":{"line":35,"column":9}},"type":"if","locations":[{"start":{"line":33,"column":8},"end":{"line":35,"column":9}},{"start":{"line":33,"column":8},"end":{"line":35,"column":9}}]},"6":{"loc":{"start":{"line":36,"column":8},"end":{"line":39,"column":9}},"type":"if","locations":[{"start":{"line":36,"column":8},"end":{"line":39,"column":9}},{"start":{"line":36,"column":8},"end":{"line":39,"column":9}}]}},"s":{"0":0,"1":0,"2":0,"3":0,"4":0,"5":0,"6":0,"7":0,"8":0,"9":0,"10":0,"11":0,"12":0,"13":0,"14":0,"15":0,"16":0,"17":0,"18":0,"19":0,"20":0,"21":0,"22":0,"23":0},"f":{"0":0,"1":0,"2":0,"3":0},"b":{"0":[0,0],"1":[0,0],"2":[0,0],"3":[0,0],"4":[0,0],"5":[0,0],"6":[0,0]}}
,"C:\\Users\\Administrator.DESKTOP-ON5VPQH\\Documents\\GitHub\\template\\src\\jquery.js": {"path":"C:\\Users\\Administrator.DESKTOP-ON5VPQH\\Documents\\GitHub\\template\\src\\jquery.js","statementMap":{"0":{"start":{"line":1,"column":0},"end":{"line":null,"column":-1}},"1":{"start":{"line":8,"column":0},"end":{"line":3,"column":19}},"2":{"start":{"line":13,"column":4},"end":{"line":null,"column":-1}},"3":{"start":{"line":14,"column":8},"end":{"line":null,"column":-1}},"4":{"start":{"line":19,"column":0},"end":{"line":21,"column":1}},"5":{"start":{"line":20,"column":4},"end":{"line":null,"column":-1}},"6":{"start":{"line":23,"column":0},"end":{"line":null,"column":-1}}},"fnMap":{"0":{"name":"(anonymous_0)","decl":{"start":{"line":3,"column":3},"end":{"line":3,"column":13}},"loc":{"start":{"line":3,"column":19},"end":{"line":1,"column":0}}},"1":{"name":"(anonymous_1)","decl":{"start":{"line":13,"column":22},"end":{"line":13,"column":33}},"loc":{"start":{"line":13,"column":34},"end":{"line":13,"column":4}}}},"branchMap":{"0":{"loc":{"start":{"line":8,"column":0},"end":{"line":3,"column":19}},"type":"if","locations":[{"start":{"line":8,"column":0},"end":{"line":3,"column":19}},{"start":{"line":8,"column":0},"end":{"line":3,"column":19}}]},"1":{"loc":{"start":{"line":8,"column":5},"end":{"line":8,"column":4}},"type":"binary-expr","locations":[{"start":{"line":8,"column":5},"end":{"line":8,"column":4}},{"start":{"line":8,"column":37},"end":{"line":8,"column":0}}]},"2":{"loc":{"start":{"line":19,"column":0},"end":{"line":21,"column":1}},"type":"if","locations":[{"start":{"line":19,"column":0},"end":{"line":21,"column":1}},{"start":{"line":19,"column":0},"end":{"line":21,"column":1}}]}},"s":{"0":0,"1":0,"2":0,"3":0,"4":0,"5":0,"6":0},"f":{"0":0,"1":0},"b":{"0":[0,0],"1":[0,0],"2":[0,0]}}
,"C:\\Users\\Administrator.DESKTOP-ON5VPQH\\Documents\\GitHub\\template\\src\\wrapper.js": {"path":"C:\\Users\\Administrator.DESKTOP-ON5VPQH\\Documents\\GitHub\\template\\src\\wrapper.js","statementMap":{"0":{"start":{"line":2,"column":0},"end":{"line":null,"column":-1}},"1":{"start":{"line":6,"column":4},"end":{"line":2,"column":31}},"2":{"start":{"line":9,"column":8},"end":{"line":null,"column":-1}},"3":{"start":{"line":12,"column":16},"end":{"line":14,"column":17}},"4":{"start":{"line":13,"column":20},"end":{"line":null,"column":-1}},"5":{"start":{"line":15,"column":16},"end":{"line":null,"column":-1}},"6":{"start":{"line":18,"column":8},"end":{"line":null,"column":-1}},"7":{"start":{"line":27,"column":0},"end":{"line":null,"column":-1}}},"fnMap":{"0":{"name":"(anonymous_0)","decl":{"start":{"line":2,"column":2},"end":{"line":2,"column":12}},"loc":{"start":{"line":2,"column":31},"end":{"line":2,"column":0}}},"1":{"name":"(anonymous_1)","decl":{"start":{"line":11,"column":12},"end":{"line":11,"column":22}},"loc":{"start":{"line":11,"column":27},"end":{"line":9,"column":8}}},"2":{"name":"(anonymous_2)","decl":{"start":{"line":22,"column":52},"end":{"line":22,"column":62}},"loc":{"start":{"line":22,"column":82},"end":{"line":2,"column":0}}}},"branchMap":{"0":{"loc":{"start":{"line":6,"column":4},"end":{"line":2,"column":31}},"type":"if","locations":[{"start":{"line":6,"column":4},"end":{"line":2,"column":31}},{"start":{"line":6,"column":4},"end":{"line":2,"column":31}}]},"1":{"loc":{"start":{"line":6,"column":9},"end":{"line":6,"column":8}},"type":"binary-expr","locations":[{"start":{"line":6,"column":9},"end":{"line":6,"column":8}},{"start":{"line":6,"column":39},"end":{"line":6,"column":4}}]},"2":{"loc":{"start":{"line":10,"column":12},"end":{"line":9,"column":25}},"type":"cond-expr","locations":[{"start":{"line":10,"column":12},"end":{"line":9,"column":25}},{"start":{"line":11,"column":12},"end":{"line":9,"column":8}}]},"3":{"loc":{"start":{"line":12,"column":16},"end":{"line":14,"column":17}},"type":"if","locations":[{"start":{"line":12,"column":16},"end":{"line":14,"column":17}},{"start":{"line":12,"column":16},"end":{"line":14,"column":17}}]},"4":{"loc":{"start":{"line":22,"column":37},"end":{"line":22,"column":5}},"type":"cond-expr","locations":[{"start":{"line":22,"column":37},"end":{"line":22,"column":5}},{"start":{"line":22,"column":46},"end":{"line":2,"column":0}}]}},"s":{"0":0,"1":0,"2":0,"3":0,"4":0,"5":0,"6":0,"7":0},"f":{"0":0,"1":0,"2":0},"b":{"0":[0,0],"1":[0,0],"2":[0,0],"3":[0,0],"4":[0,0]}}
,"C:\\Users\\Administrator.DESKTOP-ON5VPQH\\Documents\\GitHub\\template\\src\\var\\arr.js": {"path":"C:\\Users\\Administrator.DESKTOP-ON5VPQH\\Documents\\GitHub\\template\\src\\var\\arr.js","statementMap":{"0":{"start":{"line":1,"column":0},"end":{"line":null,"column":-1}},"1":{"start":{"line":4,"column":4},"end":{"line":null,"column":-1}}},"fnMap":{"0":{"name":"(anonymous_0)","decl":{"start":{"line":1,"column":8},"end":{"line":1,"column":19}},"loc":{"start":{"line":1,"column":20},"end":{"line":1,"column":0}}}},"branchMap":{},"s":{"0":0,"1":0},"f":{"0":0},"b":{}}
,"C:\\Users\\Administrator.DESKTOP-ON5VPQH\\Documents\\GitHub\\template\\src\\var\\class2type.js": {"path":"C:\\Users\\Administrator.DESKTOP-ON5VPQH\\Documents\\GitHub\\template\\src\\var\\class2type.js","statementMap":{"0":{"start":{"line":1,"column":0},"end":{"line":null,"column":-1}},"1":{"start":{"line":5,"column":4},"end":{"line":null,"column":-1}}},"fnMap":{"0":{"name":"(anonymous_0)","decl":{"start":{"line":1,"column":8},"end":{"line":1,"column":19}},"loc":{"start":{"line":1,"column":20},"end":{"line":1,"column":0}}}},"branchMap":{},"s":{"0":0,"1":0},"f":{"0":0},"b":{}}
}
